# JRE version: OpenJDK Runtime Environment Temurin-17.0.7+7 (17.0.7+7) (build 17.0.7+7)
# Java VM: OpenJDK 64-Bit Server VM Temurin-17.0.7+7 (17.0.7+7, mixed mode, tiered, compressed oops, compressed class ptrs, g1 gc, windows-amd64)
GC Precious Log:
 CPUs: 8 total, 8 available
 Memory: 24540M
 Large Page Support: Disabled
 NUMA Support: Disabled
 Compressed Oops: Enabled (Zero based)
 Heap Region Size: 4M
 Heap Min Capacity: 8M
 Heap Initial Capacity: 384M
 Heap Max Capacity: 6136M
 Pre-touch: Disabled
 Parallel Workers: 8
 Concurrent Workers: 2
 Concurrent Refinement Workers: 8
 Periodic GC: Disabled
Heap:
 garbage-first heap   total 393216K, used 188507K [0x0000000680800000, 0x0000000800000000)
  region size 4096K, 45 young (184320K), 5 survivors (20480K)
 Metaspace       used 14163K, committed 14336K, reserved 1114112K
  class space    used 959K, committed 1088K, reserved 1048576K
GC Heap History (8 events):
Event: 2.931 GC heap before
{Heap before GC invocations=0 (full 0):
 garbage-first heap   total 393216K, used 20480K [0x0000000680800000, 0x0000000800000000)
  region size 4096K, 5 young (20480K), 0 survivors (0K)
 Metaspace       used 13403K, committed 13568K, reserved 1114112K
  class space    used 932K, committed 1024K, reserved 1048576K
}
Event: 2.933 GC heap after
{Heap after GC invocations=1 (full 0):
 garbage-first heap   total 393216K, used 3130K [0x0000000680800000, 0x0000000800000000)
  region size 4096K, 1 young (4096K), 1 survivors (4096K)
 Metaspace       used 13403K, committed 13568K, reserved 1114112K
  class space    used 932K, committed 1024K, reserved 1048576K
}
Event: 6.096 GC heap before
{Heap before GC invocations=1 (full 0):
 garbage-first heap   total 393216K, used 27706K [0x0000000680800000, 0x0000000800000000)
  region size 4096K, 7 young (28672K), 1 survivors (4096K)
 Metaspace       used 14048K, committed 14208K, reserved 1114112K
  class space    used 958K, committed 1088K, reserved 1048576K
}
Event: 6.098 GC heap after
{Heap after GC invocations=2 (full 0):
 garbage-first heap   total 393216K, used 3702K [0x0000000680800000, 0x0000000800000000)
  region size 4096K, 1 young (4096K), 1 survivors (4096K)
 Metaspace       used 14048K, committed 14208K, reserved 1114112K
  class space    used 958K, committed 1088K, reserved 1048576K
}
Event: 6.536 GC heap before
{Heap before GC invocations=2 (full 0):
 garbage-first heap   total 393216K, used 237174K [0x0000000680800000, 0x0000000800000000)
  region size 4096K, 57 young (233472K), 1 survivors (4096K)
 Metaspace       used 14154K, committed 14336K, reserved 1114112K
  class space    used 959K, committed 1088K, reserved 1048576K
}
Event: 6.541 GC heap after
{Heap after GC invocations=3 (full 0):
 garbage-first heap   total 393216K, used 13717K [0x0000000680800000, 0x0000000800000000)
  region size 4096K, 2 young (8192K), 2 survivors (8192K)
 Metaspace       used 14154K, committed 14336K, reserved 1114112K
  class space    used 959K, committed 1088K, reserved 1048576K
}
Event: 10.093 GC heap before
{Heap before GC invocations=3 (full 0):
 garbage-first heap   total 393216K, used 243093K [0x0000000680800000, 0x0000000800000000)
  region size 4096K, 57 young (233472K), 2 survivors (8192K)
 Metaspace       used 14163K, committed 14336K, reserved 1114112K
  class space    used 959K, committed 1088K, reserved 1048576K
}
Event: 10.097 GC heap after
{Heap after GC invocations=4 (full 0):
 garbage-first heap   total 393216K, used 23157K [0x0000000680800000, 0x0000000800000000)
  region size 4096K, 3 young (12288K), 3 survivors (12288K)
 Metaspace       used 14163K, committed 14336K, reserved 1114112K
  class space    used 959K, committed 1088K, reserved 1048576K
}

