# JRE version: OpenJDK Runtime Environment Temurin-17.0.7+7 (17.0.7+7) (build 17.0.7+7)
# Java VM: OpenJDK 64-Bit Server VM Temurin-17.0.7+7 (17.0.7+7, mixed mode, tiered, compressed oops, compressed class ptrs, g1 gc, windows-amd64)
GC Precious Log:
 CPUs: 8 total, 8 available
 Memory: 24540M
 Large Page Support: Disabled
 NUMA Support: Disabled
 Compressed Oops: Enabled (Zero based)
 Heap Region Size: 4M
 Heap Min Capacity: 8M
 Heap Initial Capacity: 384M
 Heap Max Capacity: 6136M
 Pre-touch: Disabled
 Parallel Workers: 8
 Concurrent Workers: 2
 Concurrent Refinement Workers: 8
 Periodic GC: Disabled
Heap:
 garbage-first heap   total 393216K, used 96915K [0x0000000680800000, 0x0000000800000000)
  region size 4096K, 11 young (45056K), 8 survivors (32768K)
 Metaspace       used 14323K, committed 14528K, reserved 1114112K
  class space    used 988K, committed 1088K, reserved 1048576K
GC Heap History (12 events):
Event: 1.235 GC heap before
{Heap before GC invocations=0 (full 0):
 garbage-first heap   total 393216K, used 28672K [0x0000000680800000, 0x0000000800000000)
  region size 4096K, 5 young (20480K), 0 survivors (0K)
 Metaspace       used 12684K, committed 12864K, reserved 1114112K
  class space    used 854K, committed 960K, reserved 1048576K
}
Event: 1.237 GC heap after
{Heap after GC invocations=1 (full 0):
 garbage-first heap   total 393216K, used 15538K [0x0000000680800000, 0x0000000800000000)
  region size 4096K, 1 young (4096K), 1 survivors (4096K)
 Metaspace       used 12684K, committed 12864K, reserved 1114112K
  class space    used 854K, committed 960K, reserved 1048576K
}
Event: 2.550 GC heap before
{Heap before GC invocations=1 (full 0):
 garbage-first heap   total 393216K, used 40114K [0x0000000680800000, 0x0000000800000000)
  region size 4096K, 7 young (28672K), 1 survivors (4096K)
 Metaspace       used 13605K, committed 13760K, reserved 1114112K
  class space    used 952K, committed 1024K, reserved 1048576K
}
Event: 2.553 GC heap after
{Heap after GC invocations=2 (full 0):
 garbage-first heap   total 393216K, used 17912K [0x0000000680800000, 0x0000000800000000)
  region size 4096K, 1 young (4096K), 1 survivors (4096K)
 Metaspace       used 13605K, committed 13760K, reserved 1114112K
  class space    used 952K, committed 1024K, reserved 1048576K
}
Event: 2.774 GC heap before
{Heap before GC invocations=2 (full 0):
 garbage-first heap   total 393216K, used 58872K [0x0000000680800000, 0x0000000800000000)
  region size 4096K, 11 young (45056K), 1 survivors (4096K)
 Metaspace       used 13818K, committed 14080K, reserved 1114112K
  class space    used 964K, committed 1088K, reserved 1048576K
}
Event: 2.776 GC heap after
{Heap after GC invocations=3 (full 0):
 garbage-first heap   total 393216K, used 19477K [0x0000000680800000, 0x0000000800000000)
  region size 4096K, 1 young (4096K), 1 survivors (4096K)
 Metaspace       used 13818K, committed 14080K, reserved 1114112K
  class space    used 964K, committed 1088K, reserved 1048576K
}
Event: 6.926 GC heap before
{Heap before GC invocations=3 (full 0):
 garbage-first heap   total 393216K, used 248853K [0x0000000680800000, 0x0000000800000000)
  region size 4096K, 57 young (233472K), 1 survivors (4096K)
 Metaspace       used 13908K, committed 14080K, reserved 1114112K
  class space    used 968K, committed 1088K, reserved 1048576K
}
Event: 6.932 GC heap after
{Heap after GC invocations=4 (full 0):
 garbage-first heap   total 393216K, used 24385K [0x0000000680800000, 0x0000000800000000)
  region size 4096K, 3 young (12288K), 3 survivors (12288K)
 Metaspace       used 13908K, committed 14080K, reserved 1114112K
  class space    used 968K, committed 1088K, reserved 1048576K
}
Event: 7.080 GC heap before
{Heap before GC invocations=4 (full 0):
 garbage-first heap   total 393216K, used 245569K [0x0000000680800000, 0x0000000800000000)
  region size 4096K, 57 young (233472K), 3 survivors (12288K)
 Metaspace       used 13908K, committed 14080K, reserved 1114112K
  class space    used 968K, committed 1088K, reserved 1048576K
}
Event: 7.091 GC heap after
{Heap after GC invocations=5 (full 0):
 garbage-first heap   total 393216K, used 32453K [0x0000000680800000, 0x0000000800000000)
  region size 4096K, 5 young (20480K), 5 survivors (20480K)
 Metaspace       used 13908K, committed 14080K, reserved 1114112K
  class space    used 968K, committed 1088K, reserved 1048576K
}
Event: 7.324 GC heap before
{Heap before GC invocations=5 (full 0):
 garbage-first heap   total 393216K, used 245445K [0x0000000680800000, 0x0000000800000000)
  region size 4096K, 57 young (233472K), 5 survivors (20480K)
 Metaspace       used 13908K, committed 14080K, reserved 1114112K
  class space    used 968K, committed 1088K, reserved 1048576K
}
Event: 7.342 GC heap after
{Heap after GC invocations=6 (full 0):
 garbage-first heap   total 393216K, used 55955K [0x0000000680800000, 0x0000000800000000)
  region size 4096K, 8 young (32768K), 8 survivors (32768K)
 Metaspace       used 13908K, committed 14080K, reserved 1114112K
  class space    used 968K, committed 1088K, reserved 1048576K
}

