# JRE version: OpenJDK Runtime Environment Temurin-17.0.7+7 (17.0.7+7) (build 17.0.7+7)
# Java VM: OpenJDK 64-Bit Server VM Temurin-17.0.7+7 (17.0.7+7, mixed mode, tiered, compressed oops, compressed class ptrs, g1 gc, windows-amd64)
GC Precious Log:
 CPUs: 8 total, 8 available
 Memory: 24540M
 Large Page Support: Disabled
 NUMA Support: Disabled
 Compressed Oops: Enabled (Zero based)
 Heap Region Size: 4M
 Heap Min Capacity: 8M
 Heap Initial Capacity: 384M
 Heap Max Capacity: 6136M
 Pre-touch: Disabled
 Parallel Workers: 8
 Concurrent Workers: 2
 Concurrent Refinement Workers: 8
 Periodic GC: Disabled
Heap:
 garbage-first heap   total 393216K, used 157889K [0x0000000680800000, 0x0000000800000000)
  region size 4096K, 28 young (114688K), 8 survivors (32768K)
 Metaspace       used 14316K, committed 14528K, reserved 1114112K
  class space    used 988K, committed 1088K, reserved 1048576K
GC Heap History (10 events):
Event: 1.532 GC heap before
{Heap before GC invocations=0 (full 0):
 garbage-first heap   total 393216K, used 32768K [0x0000000680800000, 0x0000000800000000)
  region size 4096K, 5 young (20480K), 0 survivors (0K)
 Metaspace       used 13534K, committed 13696K, reserved 1114112K
  class space    used 951K, committed 1024K, reserved 1048576K
}
Event: 1.535 GC heap after
{Heap after GC invocations=1 (full 0):
 garbage-first heap   total 393216K, used 16134K [0x0000000680800000, 0x0000000800000000)
  region size 4096K, 1 young (4096K), 1 survivors (4096K)
 Metaspace       used 13534K, committed 13696K, reserved 1114112K
  class space    used 951K, committed 1024K, reserved 1048576K
}
Event: 2.624 GC heap before
{Heap before GC invocations=1 (full 0):
 garbage-first heap   total 393216K, used 40710K [0x0000000680800000, 0x0000000800000000)
  region size 4096K, 7 young (28672K), 1 survivors (4096K)
 Metaspace       used 13612K, committed 13760K, reserved 1114112K
  class space    used 952K, committed 1024K, reserved 1048576K
}
Event: 2.627 GC heap after
{Heap after GC invocations=2 (full 0):
 garbage-first heap   total 393216K, used 16879K [0x0000000680800000, 0x0000000800000000)
  region size 4096K, 1 young (4096K), 1 survivors (4096K)
 Metaspace       used 13612K, committed 13760K, reserved 1114112K
  class space    used 952K, committed 1024K, reserved 1048576K
}
Event: 6.827 GC heap before
{Heap before GC invocations=2 (full 0):
 garbage-first heap   total 393216K, used 197103K [0x0000000680800000, 0x0000000800000000)
  region size 4096K, 46 young (188416K), 1 survivors (4096K)
 Metaspace       used 13903K, committed 14080K, reserved 1114112K
  class space    used 968K, committed 1088K, reserved 1048576K
}
Event: 6.831 GC heap after
{Heap after GC invocations=3 (full 0):
 garbage-first heap   total 393216K, used 21022K [0x0000000680800000, 0x0000000800000000)
  region size 4096K, 2 young (8192K), 2 survivors (8192K)
 Metaspace       used 13903K, committed 14080K, reserved 1114112K
  class space    used 968K, committed 1088K, reserved 1048576K
}
Event: 6.954 GC heap before
{Heap before GC invocations=3 (full 0):
 garbage-first heap   total 393216K, used 246302K [0x0000000680800000, 0x0000000800000000)
  region size 4096K, 57 young (233472K), 2 survivors (8192K)
 Metaspace       used 13903K, committed 14080K, reserved 1114112K
  class space    used 968K, committed 1088K, reserved 1048576K
}
Event: 6.960 GC heap after
{Heap after GC invocations=4 (full 0):
 garbage-first heap   total 393216K, used 26373K [0x0000000680800000, 0x0000000800000000)
  region size 4096K, 3 young (12288K), 3 survivors (12288K)
 Metaspace       used 13903K, committed 14080K, reserved 1114112K
  class space    used 968K, committed 1088K, reserved 1048576K
}
Event: 7.116 GC heap before
{Heap before GC invocations=4 (full 0):
 garbage-first heap   total 393216K, used 243461K [0x0000000680800000, 0x0000000800000000)
  region size 4096K, 57 young (233472K), 3 survivors (12288K)
 Metaspace       used 13903K, committed 14080K, reserved 1114112K
  class space    used 968K, committed 1088K, reserved 1048576K
}
Event: 7.134 GC heap after
{Heap after GC invocations=5 (full 0):
 garbage-first heap   total 393216K, used 47297K [0x0000000680800000, 0x0000000800000000)
  region size 4096K, 8 young (32768K), 8 survivors (32768K)
 Metaspace       used 13903K, committed 14080K, reserved 1114112K
  class space    used 968K, committed 1088K, reserved 1048576K
}

