# JRE version: OpenJDK Runtime Environment Temurin-17.0.7+7 (17.0.7+7) (build 17.0.7+7)
# Java VM: OpenJDK 64-Bit Server VM Temurin-17.0.7+7 (17.0.7+7, mixed mode, tiered, compressed oops, compressed class ptrs, g1 gc, windows-amd64)
GC Precious Log:
 CPUs: 8 total, 8 available
 Memory: 24540M
 Large Page Support: Disabled
 NUMA Support: Disabled
 Compressed Oops: Enabled (Zero based)
 Heap Region Size: 4M
 Heap Min Capacity: 8M
 Heap Initial Capacity: 384M
 Heap Max Capacity: 6136M
 Pre-touch: Disabled
 Parallel Workers: 8
 Concurrent Workers: 2
 Concurrent Refinement Workers: 8
 Periodic GC: Disabled
Heap:
 garbage-first heap   total 692224K, used 274488K [0x0000000680800000, 0x0000000800000000)
  region size 4096K, 42 young (172032K), 13 survivors (53248K)
 Metaspace       used 14178K, committed 14400K, reserved 1114112K
  class space    used 959K, committed 1088K, reserved 1048576K
GC Heap History (20 events):
Event: 10.610 GC heap before
{Heap before GC invocations=4 (full 0):
 garbage-first heap   total 393216K, used 244407K [0x0000000680800000, 0x0000000800000000)
  region size 4096K, 57 young (233472K), 3 survivors (12288K)
 Metaspace       used 14161K, committed 14400K, reserved 1114112K
  class space    used 959K, committed 1088K, reserved 1048576K
}
Event: 10.616 GC heap after
{Heap after GC invocations=5 (full 0):
 garbage-first heap   total 393216K, used 28102K [0x0000000680800000, 0x0000000800000000)
  region size 4096K, 5 young (20480K), 5 survivors (20480K)
 Metaspace       used 14161K, committed 14400K, reserved 1114112K
  class space    used 959K, committed 1088K, reserved 1048576K
}
Event: 10.752 GC heap before
{Heap before GC invocations=5 (full 0):
 garbage-first heap   total 393216K, used 236998K [0x0000000680800000, 0x0000000800000000)
  region size 4096K, 57 young (233472K), 5 survivors (20480K)
 Metaspace       used 14161K, committed 14400K, reserved 1114112K
  class space    used 959K, committed 1088K, reserved 1048576K
}
Event: 10.773 GC heap after
{Heap after GC invocations=6 (full 0):
 garbage-first heap   total 393216K, used 48405K [0x0000000680800000, 0x0000000800000000)
  region size 4096K, 8 young (32768K), 8 survivors (32768K)
 Metaspace       used 14161K, committed 14400K, reserved 1114112K
  class space    used 959K, committed 1088K, reserved 1048576K
}
Event: 12.407 GC heap before
{Heap before GC invocations=6 (full 0):
 garbage-first heap   total 393216K, used 281877K [0x0000000680800000, 0x0000000800000000)
  region size 4096K, 57 young (233472K), 8 survivors (32768K)
 Metaspace       used 14173K, committed 14400K, reserved 1114112K
  class space    used 959K, committed 1088K, reserved 1048576K
}
Event: 12.409 GC heap after
{Heap after GC invocations=7 (full 0):
 garbage-first heap   total 393216K, used 62854K [0x0000000680800000, 0x0000000800000000)
  region size 4096K, 2 young (8192K), 2 survivors (8192K)
 Metaspace       used 14173K, committed 14400K, reserved 1114112K
  class space    used 959K, committed 1088K, reserved 1048576K
}
Event: 12.544 GC heap before
{Heap before GC invocations=7 (full 0):
 garbage-first heap   total 393216K, used 288134K [0x0000000680800000, 0x0000000800000000)
  region size 4096K, 57 young (233472K), 2 survivors (8192K)
 Metaspace       used 14174K, committed 14400K, reserved 1114112K
  class space    used 959K, committed 1088K, reserved 1048576K
}
Event: 12.552 GC heap after
{Heap after GC invocations=8 (full 0):
 garbage-first heap   total 393216K, used 72636K [0x0000000680800000, 0x0000000800000000)
  region size 4096K, 5 young (20480K), 5 survivors (20480K)
 Metaspace       used 14174K, committed 14400K, reserved 1114112K
  class space    used 959K, committed 1088K, reserved 1048576K
}
Event: 14.505 GC heap before
{Heap before GC invocations=8 (full 0):
 garbage-first heap   total 393216K, used 285628K [0x0000000680800000, 0x0000000800000000)
  region size 4096K, 57 young (233472K), 5 survivors (20480K)
 Metaspace       used 14178K, committed 14400K, reserved 1114112K
  class space    used 959K, committed 1088K, reserved 1048576K
}
Event: 14.509 GC heap after
{Heap after GC invocations=9 (full 0):
 garbage-first heap   total 393216K, used 80395K [0x0000000680800000, 0x0000000800000000)
  region size 4096K, 4 young (16384K), 4 survivors (16384K)
 Metaspace       used 14178K, committed 14400K, reserved 1114112K
  class space    used 959K, committed 1088K, reserved 1048576K
}
Event: 14.641 GC heap before
{Heap before GC invocations=9 (full 0):
 garbage-first heap   total 393216K, used 297483K [0x0000000680800000, 0x0000000800000000)
  region size 4096K, 57 young (233472K), 4 survivors (16384K)
 Metaspace       used 14178K, committed 14400K, reserved 1114112K
  class space    used 959K, committed 1088K, reserved 1048576K
}
Event: 14.647 GC heap after
{Heap after GC invocations=10 (full 0):
 garbage-first heap   total 393216K, used 83689K [0x0000000680800000, 0x0000000800000000)
  region size 4096K, 5 young (20480K), 5 survivors (20480K)
 Metaspace       used 14178K, committed 14400K, reserved 1114112K
  class space    used 959K, committed 1088K, reserved 1048576K
}
Event: 14.745 GC heap before
{Heap before GC invocations=10 (full 0):
 garbage-first heap   total 393216K, used 296681K [0x0000000680800000, 0x0000000800000000)
  region size 4096K, 57 young (233472K), 5 survivors (20480K)
 Metaspace       used 14178K, committed 14400K, reserved 1114112K
  class space    used 959K, committed 1088K, reserved 1048576K
}
Event: 14.752 GC heap after
{Heap after GC invocations=11 (full 0):
 garbage-first heap   total 692224K, used 87684K [0x0000000680800000, 0x0000000800000000)
  region size 4096K, 5 young (20480K), 5 survivors (20480K)
 Metaspace       used 14178K, committed 14400K, reserved 1114112K
  class space    used 959K, committed 1088K, reserved 1048576K
}
Event: 15.061 GC heap before
{Heap before GC invocations=11 (full 0):
 garbage-first heap   total 692224K, used 484996K [0x0000000680800000, 0x0000000800000000)
  region size 4096K, 101 young (413696K), 5 survivors (20480K)
 Metaspace       used 14178K, committed 14400K, reserved 1114112K
  class space    used 959K, committed 1088K, reserved 1048576K
}
Event: 15.072 GC heap after
{Heap after GC invocations=12 (full 0):
 garbage-first heap   total 692224K, used 99076K [0x0000000680800000, 0x0000000800000000)
  region size 4096K, 7 young (28672K), 7 survivors (28672K)
 Metaspace       used 14178K, committed 14400K, reserved 1114112K
  class space    used 959K, committed 1088K, reserved 1048576K
}
Event: 15.260 GC heap before
{Heap before GC invocations=12 (full 0):
 garbage-first heap   total 692224K, used 484100K [0x0000000680800000, 0x0000000800000000)
  region size 4096K, 101 young (413696K), 7 survivors (28672K)
 Metaspace       used 14178K, committed 14400K, reserved 1114112K
  class space    used 959K, committed 1088K, reserved 1048576K
}
Event: 15.277 GC heap after
{Heap after GC invocations=13 (full 0):
 garbage-first heap   total 692224K, used 110010K [0x0000000680800000, 0x0000000800000000)
  region size 4096K, 9 young (36864K), 9 survivors (36864K)
 Metaspace       used 14178K, committed 14400K, reserved 1114112K
  class space    used 959K, committed 1088K, reserved 1048576K
}
Event: 15.522 GC heap before
{Heap before GC invocations=13 (full 0):
 garbage-first heap   total 692224K, used 507322K [0x0000000680800000, 0x0000000800000000)
  region size 4096K, 101 young (413696K), 9 survivors (36864K)
 Metaspace       used 14178K, committed 14400K, reserved 1114112K
  class space    used 959K, committed 1088K, reserved 1048576K
}
Event: 15.579 GC heap after
{Heap after GC invocations=14 (full 0):
 garbage-first heap   total 692224K, used 159800K [0x0000000680800000, 0x0000000800000000)
  region size 4096K, 13 young (53248K), 13 survivors (53248K)
 Metaspace       used 14178K, committed 14400K, reserved 1114112K
  class space    used 959K, committed 1088K, reserved 1048576K
}

