# JRE version: OpenJDK Runtime Environment Temurin-17.0.7+7 (17.0.7+7) (build 17.0.7+7)
# Java VM: OpenJDK 64-Bit Server VM Temurin-17.0.7+7 (17.0.7+7, mixed mode, tiered, compressed oops, compressed class ptrs, g1 gc, windows-amd64)
GC Precious Log:
 CPUs: 8 total, 8 available
 Memory: 24540M
 Large Page Support: Disabled
 NUMA Support: Disabled
 Compressed Oops: Enabled (Zero based)
 Heap Region Size: 4M
 Heap Min Capacity: 8M
 Heap Initial Capacity: 384M
 Heap Max Capacity: 6136M
 Pre-touch: Disabled
 Parallel Workers: 8
 Concurrent Workers: 2
 Concurrent Refinement Workers: 8
 Periodic GC: Disabled
Heap:
 garbage-first heap   total 393216K, used 247479K [0x0000000680800000, 0x0000000800000000)
  region size 4096K, 55 young (225280K), 4 survivors (16384K)
 Metaspace       used 12894K, committed 13056K, reserved 1114112K
  class space    used 860K, committed 960K, reserved 1048576K
GC Heap History (8 events):
Event: 2.247 GC heap before
{Heap before GC invocations=0 (full 0):
 garbage-first heap   total 393216K, used 32768K [0x0000000680800000, 0x0000000800000000)
  region size 4096K, 5 young (20480K), 0 survivors (0K)
 Metaspace       used 12787K, committed 12928K, reserved 1114112K
  class space    used 857K, committed 960K, reserved 1048576K
}
Event: 2.250 GC heap after
{Heap after GC invocations=1 (full 0):
 garbage-first heap   total 393216K, used 14642K [0x0000000680800000, 0x0000000800000000)
  region size 4096K, 1 young (4096K), 1 survivors (4096K)
 Metaspace       used 12787K, committed 12928K, reserved 1114112K
  class space    used 857K, committed 960K, reserved 1048576K
}
Event: 2.325 GC heap before
{Heap before GC invocations=1 (full 0):
 garbage-first heap   total 393216K, used 43314K [0x0000000680800000, 0x0000000800000000)
  region size 4096K, 8 young (32768K), 1 survivors (4096K)
 Metaspace       used 12803K, committed 12992K, reserved 1114112K
  class space    used 857K, committed 960K, reserved 1048576K
}
Event: 2.328 GC heap after
{Heap after GC invocations=2 (full 0):
 garbage-first heap   total 393216K, used 15234K [0x0000000680800000, 0x0000000800000000)
  region size 4096K, 1 young (4096K), 1 survivors (4096K)
 Metaspace       used 12803K, committed 12992K, reserved 1114112K
  class space    used 857K, committed 960K, reserved 1048576K
}
Event: 7.237 GC heap before
{Heap before GC invocations=2 (full 0):
 garbage-first heap   total 393216K, used 244610K [0x0000000680800000, 0x0000000800000000)
  region size 4096K, 57 young (233472K), 1 survivors (4096K)
 Metaspace       used 12847K, committed 13056K, reserved 1114112K
  class space    used 858K, committed 960K, reserved 1048576K
}
Event: 7.243 GC heap after
{Heap after GC invocations=3 (full 0):
 garbage-first heap   total 393216K, used 20966K [0x0000000680800000, 0x0000000800000000)
  region size 4096K, 2 young (8192K), 2 survivors (8192K)
 Metaspace       used 12847K, committed 13056K, reserved 1114112K
  class space    used 858K, committed 960K, reserved 1048576K
}
Event: 7.359 GC heap before
{Heap before GC invocations=3 (full 0):
 garbage-first heap   total 393216K, used 246246K [0x0000000680800000, 0x0000000800000000)
  region size 4096K, 57 young (233472K), 2 survivors (8192K)
 Metaspace       used 12847K, committed 13056K, reserved 1114112K
  class space    used 858K, committed 960K, reserved 1048576K
}
Event: 7.369 GC heap after
{Heap after GC invocations=4 (full 0):
 garbage-first heap   total 393216K, used 30391K [0x0000000680800000, 0x0000000800000000)
  region size 4096K, 4 young (16384K), 4 survivors (16384K)
 Metaspace       used 12847K, committed 13056K, reserved 1114112K
  class space    used 858K, committed 960K, reserved 1048576K
}

