# JRE version: OpenJDK Runtime Environment Temurin-17.0.7+7 (17.0.7+7) (build 17.0.7+7)
# Java VM: OpenJDK 64-Bit Server VM Temurin-17.0.7+7 (17.0.7+7, mixed mode, tiered, compressed oops, compressed class ptrs, g1 gc, windows-amd64)
GC Precious Log:
 CPUs: 8 total, 8 available
 Memory: 24540M
 Large Page Support: Disabled
 NUMA Support: Disabled
 Compressed Oops: Enabled (Zero based)
 Heap Region Size: 4M
 Heap Min Capacity: 8M
 Heap Initial Capacity: 384M
 Heap Max Capacity: 6136M
 Pre-touch: Disabled
 Parallel Workers: 8
 Concurrent Workers: 2
 Concurrent Refinement Workers: 8
 Periodic GC: Disabled
Heap:
 garbage-first heap   total 1134592K, used 527558K [0x0000000680800000, 0x0000000800000000)
  region size 4096K, 6 young (24576K), 1 survivors (4096K)
 Metaspace       used 20137K, committed 20352K, reserved 1114112K
  class space    used 1388K, committed 1472K, reserved 1048576K
GC Heap History (20 events):
Event: 491.283 GC heap before
{Heap before GC invocations=53 (full 0):
 garbage-first heap   total 1134592K, used 1013720K [0x0000000680800000, 0x0000000800000000)
  region size 4096K, 124 young (507904K), 1 survivors (4096K)
 Metaspace       used 20133K, committed 20352K, reserved 1114112K
  class space    used 1388K, committed 1472K, reserved 1048576K
}
Event: 491.285 GC heap after
{Heap after GC invocations=54 (full 0):
 garbage-first heap   total 1134592K, used 510154K [0x0000000680800000, 0x0000000800000000)
  region size 4096K, 1 young (4096K), 1 survivors (4096K)
 Metaspace       used 20133K, committed 20352K, reserved 1114112K
  class space    used 1388K, committed 1472K, reserved 1048576K
}
Event: 495.946 GC heap before
{Heap before GC invocations=54 (full 0):
 garbage-first heap   total 1134592K, used 1013962K [0x0000000680800000, 0x0000000800000000)
  region size 4096K, 124 young (507904K), 1 survivors (4096K)
 Metaspace       used 20133K, committed 20352K, reserved 1114112K
  class space    used 1388K, committed 1472K, reserved 1048576K
}
Event: 495.948 GC heap after
{Heap after GC invocations=55 (full 0):
 garbage-first heap   total 1134592K, used 509272K [0x0000000680800000, 0x0000000800000000)
  region size 4096K, 1 young (4096K), 1 survivors (4096K)
 Metaspace       used 20133K, committed 20352K, reserved 1114112K
  class space    used 1388K, committed 1472K, reserved 1048576K
}
Event: 499.863 GC heap before
{Heap before GC invocations=55 (full 0):
 garbage-first heap   total 1134592K, used 1013080K [0x0000000680800000, 0x0000000800000000)
  region size 4096K, 124 young (507904K), 1 survivors (4096K)
 Metaspace       used 20134K, committed 20352K, reserved 1114112K
  class space    used 1388K, committed 1472K, reserved 1048576K
}
Event: 499.865 GC heap after
{Heap after GC invocations=56 (full 0):
 garbage-first heap   total 1134592K, used 509638K [0x0000000680800000, 0x0000000800000000)
  region size 4096K, 1 young (4096K), 1 survivors (4096K)
 Metaspace       used 20134K, committed 20352K, reserved 1114112K
  class space    used 1388K, committed 1472K, reserved 1048576K
}
Event: 504.672 GC heap before
{Heap before GC invocations=56 (full 0):
 garbage-first heap   total 1134592K, used 1013446K [0x0000000680800000, 0x0000000800000000)
  region size 4096K, 124 young (507904K), 1 survivors (4096K)
 Metaspace       used 20134K, committed 20352K, reserved 1114112K
  class space    used 1388K, committed 1472K, reserved 1048576K
}
Event: 504.674 GC heap after
{Heap after GC invocations=57 (full 0):
 garbage-first heap   total 1134592K, used 510249K [0x0000000680800000, 0x0000000800000000)
  region size 4096K, 1 young (4096K), 1 survivors (4096K)
 Metaspace       used 20134K, committed 20352K, reserved 1114112K
  class space    used 1388K, committed 1472K, reserved 1048576K
}
Event: 508.393 GC heap before
{Heap before GC invocations=57 (full 0):
 garbage-first heap   total 1134592K, used 1014057K [0x0000000680800000, 0x0000000800000000)
  region size 4096K, 124 young (507904K), 1 survivors (4096K)
 Metaspace       used 20134K, committed 20352K, reserved 1114112K
  class space    used 1388K, committed 1472K, reserved 1048576K
}
Event: 508.394 GC heap after
{Heap after GC invocations=58 (full 0):
 garbage-first heap   total 1134592K, used 509548K [0x0000000680800000, 0x0000000800000000)
  region size 4096K, 1 young (4096K), 1 survivors (4096K)
 Metaspace       used 20134K, committed 20352K, reserved 1114112K
  class space    used 1388K, committed 1472K, reserved 1048576K
}
Event: 512.276 GC heap before
{Heap before GC invocations=58 (full 0):
 garbage-first heap   total 1134592K, used 1013356K [0x0000000680800000, 0x0000000800000000)
  region size 4096K, 124 young (507904K), 1 survivors (4096K)
 Metaspace       used 20135K, committed 20352K, reserved 1114112K
  class space    used 1388K, committed 1472K, reserved 1048576K
}
Event: 512.278 GC heap after
{Heap after GC invocations=59 (full 0):
 garbage-first heap   total 1134592K, used 510838K [0x0000000680800000, 0x0000000800000000)
  region size 4096K, 1 young (4096K), 1 survivors (4096K)
 Metaspace       used 20135K, committed 20352K, reserved 1114112K
  class space    used 1388K, committed 1472K, reserved 1048576K
}
Event: 516.883 GC heap before
{Heap before GC invocations=59 (full 0):
 garbage-first heap   total 1134592K, used 1014646K [0x0000000680800000, 0x0000000800000000)
  region size 4096K, 124 young (507904K), 1 survivors (4096K)
 Metaspace       used 20135K, committed 20352K, reserved 1114112K
  class space    used 1388K, committed 1472K, reserved 1048576K
}
Event: 516.885 GC heap after
{Heap after GC invocations=60 (full 0):
 garbage-first heap   total 1134592K, used 510755K [0x0000000680800000, 0x0000000800000000)
  region size 4096K, 1 young (4096K), 1 survivors (4096K)
 Metaspace       used 20135K, committed 20352K, reserved 1114112K
  class space    used 1388K, committed 1472K, reserved 1048576K
}
Event: 522.049 GC heap before
{Heap before GC invocations=60 (full 0):
 garbage-first heap   total 1134592K, used 1014563K [0x0000000680800000, 0x0000000800000000)
  region size 4096K, 124 young (507904K), 1 survivors (4096K)
 Metaspace       used 20137K, committed 20352K, reserved 1114112K
  class space    used 1388K, committed 1472K, reserved 1048576K
}
Event: 522.050 GC heap after
{Heap after GC invocations=61 (full 0):
 garbage-first heap   total 1134592K, used 509991K [0x0000000680800000, 0x0000000800000000)
  region size 4096K, 1 young (4096K), 1 survivors (4096K)
 Metaspace       used 20137K, committed 20352K, reserved 1114112K
  class space    used 1388K, committed 1472K, reserved 1048576K
}
Event: 527.896 GC heap before
{Heap before GC invocations=61 (full 0):
 garbage-first heap   total 1134592K, used 1013799K [0x0000000680800000, 0x0000000800000000)
  region size 4096K, 124 young (507904K), 1 survivors (4096K)
 Metaspace       used 20137K, committed 20352K, reserved 1114112K
  class space    used 1388K, committed 1472K, reserved 1048576K
}
Event: 527.898 GC heap after
{Heap after GC invocations=62 (full 0):
 garbage-first heap   total 1134592K, used 510463K [0x0000000680800000, 0x0000000800000000)
  region size 4096K, 1 young (4096K), 1 survivors (4096K)
 Metaspace       used 20137K, committed 20352K, reserved 1114112K
  class space    used 1388K, committed 1472K, reserved 1048576K
}
Event: 532.649 GC heap before
{Heap before GC invocations=62 (full 0):
 garbage-first heap   total 1134592K, used 1010175K [0x0000000680800000, 0x0000000800000000)
  region size 4096K, 123 young (503808K), 1 survivors (4096K)
 Metaspace       used 20137K, committed 20352K, reserved 1114112K
  class space    used 1388K, committed 1472K, reserved 1048576K
}
Event: 532.651 GC heap after
{Heap after GC invocations=63 (full 0):
 garbage-first heap   total 1134592K, used 511174K [0x0000000680800000, 0x0000000800000000)
  region size 4096K, 1 young (4096K), 1 survivors (4096K)
 Metaspace       used 20137K, committed 20352K, reserved 1114112K
  class space    used 1388K, committed 1472K, reserved 1048576K
}

