# JRE version: OpenJDK Runtime Environment Temurin-17.0.7+7 (17.0.7+7) (build 17.0.7+7)
# Java VM: OpenJDK 64-Bit Server VM Temurin-17.0.7+7 (17.0.7+7, mixed mode, tiered, compressed oops, compressed class ptrs, g1 gc, windows-amd64)
GC Precious Log:
 CPUs: 8 total, 8 available
 Memory: 24540M
 Large Page Support: Disabled
 NUMA Support: Disabled
 Compressed Oops: Enabled (Zero based)
 Heap Region Size: 4M
 Heap Min Capacity: 8M
 Heap Initial Capacity: 384M
 Heap Max Capacity: 6136M
 Pre-touch: Disabled
 Parallel Workers: 8
 Concurrent Workers: 2
 Concurrent Refinement Workers: 8
 Periodic GC: Disabled
Heap:
 garbage-first heap   total 622592K, used 480802K [0x0000000680800000, 0x0000000800000000)
  region size 4096K, 92 young (376832K), 9 survivors (36864K)
 Metaspace       used 17020K, committed 17216K, reserved 1114112K
  class space    used 1242K, committed 1344K, reserved 1048576K
GC Heap History (20 events):
Event: 12.147 GC heap after
{Heap after GC invocations=5 (full 0):
 garbage-first heap   total 393216K, used 29998K [0x0000000680800000, 0x0000000800000000)
  region size 4096K, 5 young (20480K), 5 survivors (20480K)
 Metaspace       used 17003K, committed 17152K, reserved 1114112K
  class space    used 1242K, committed 1344K, reserved 1048576K
}
Event: 12.564 GC heap before
{Heap before GC invocations=5 (full 0):
 garbage-first heap   total 393216K, used 238894K [0x0000000680800000, 0x0000000800000000)
  region size 4096K, 57 young (233472K), 5 survivors (20480K)
 Metaspace       used 17003K, committed 17152K, reserved 1114112K
  class space    used 1242K, committed 1344K, reserved 1048576K
}
Event: 12.605 GC heap after
{Heap after GC invocations=6 (full 0):
 garbage-first heap   total 393216K, used 80023K [0x0000000680800000, 0x0000000800000000)
  region size 4096K, 8 young (32768K), 8 survivors (32768K)
 Metaspace       used 17003K, committed 17152K, reserved 1114112K
  class space    used 1242K, committed 1344K, reserved 1048576K
}
Event: 13.724 GC heap before
{Heap before GC invocations=6 (full 0):
 garbage-first heap   total 393216K, used 116887K [0x0000000680800000, 0x0000000800000000)
  region size 4096K, 9 young (36864K), 8 survivors (32768K)
 Metaspace       used 17004K, committed 17152K, reserved 1114112K
  class space    used 1242K, committed 1344K, reserved 1048576K
}
Event: 13.732 GC heap after
{Heap after GC invocations=7 (full 0):
 garbage-first heap   total 393216K, used 94169K [0x0000000680800000, 0x0000000800000000)
  region size 4096K, 1 young (4096K), 1 survivors (4096K)
 Metaspace       used 17004K, committed 17152K, reserved 1114112K
  class space    used 1242K, committed 1344K, reserved 1048576K
}
Event: 14.318 GC heap before
{Heap before GC invocations=7 (full 0):
 garbage-first heap   total 393216K, used 249817K [0x0000000680800000, 0x0000000800000000)
  region size 4096K, 39 young (159744K), 1 survivors (4096K)
 Metaspace       used 17016K, committed 17216K, reserved 1114112K
  class space    used 1242K, committed 1344K, reserved 1048576K
}
Event: 14.322 GC heap after
{Heap after GC invocations=8 (full 0):
 garbage-first heap   total 393216K, used 99987K [0x0000000680800000, 0x0000000800000000)
  region size 4096K, 3 young (12288K), 3 survivors (12288K)
 Metaspace       used 17016K, committed 17216K, reserved 1114112K
  class space    used 1242K, committed 1344K, reserved 1048576K
}
Event: 14.427 GC heap before
{Heap before GC invocations=8 (full 0):
 garbage-first heap   total 393216K, used 259731K [0x0000000680800000, 0x0000000800000000)
  region size 4096K, 42 young (172032K), 3 survivors (12288K)
 Metaspace       used 17016K, committed 17216K, reserved 1114112K
  class space    used 1242K, committed 1344K, reserved 1048576K
}
Event: 14.433 GC heap after
{Heap after GC invocations=9 (full 0):
 garbage-first heap   total 393216K, used 106068K [0x0000000680800000, 0x0000000800000000)
  region size 4096K, 4 young (16384K), 4 survivors (16384K)
 Metaspace       used 17016K, committed 17216K, reserved 1114112K
  class space    used 1242K, committed 1344K, reserved 1048576K
}
Event: 15.488 GC heap before
{Heap before GC invocations=9 (full 0):
 garbage-first heap   total 393216K, used 274004K [0x0000000680800000, 0x0000000800000000)
  region size 4096K, 45 young (184320K), 4 survivors (16384K)
 Metaspace       used 17020K, committed 17216K, reserved 1114112K
  class space    used 1242K, committed 1344K, reserved 1048576K
}
Event: 15.492 GC heap after
{Heap after GC invocations=10 (full 0):
 garbage-first heap   total 393216K, used 114225K [0x0000000680800000, 0x0000000800000000)
  region size 4096K, 4 young (16384K), 4 survivors (16384K)
 Metaspace       used 17020K, committed 17216K, reserved 1114112K
  class space    used 1242K, committed 1344K, reserved 1048576K
}
Event: 15.615 GC heap before
{Heap before GC invocations=10 (full 0):
 garbage-first heap   total 393216K, used 282161K [0x0000000680800000, 0x0000000800000000)
  region size 4096K, 45 young (184320K), 4 survivors (16384K)
 Metaspace       used 17020K, committed 17216K, reserved 1114112K
  class space    used 1242K, committed 1344K, reserved 1048576K
}
Event: 15.620 GC heap after
{Heap after GC invocations=11 (full 0):
 garbage-first heap   total 393216K, used 117391K [0x0000000680800000, 0x0000000800000000)
  region size 4096K, 5 young (20480K), 5 survivors (20480K)
 Metaspace       used 17020K, committed 17216K, reserved 1114112K
  class space    used 1242K, committed 1344K, reserved 1048576K
}
Event: 15.733 GC heap before
{Heap before GC invocations=11 (full 0):
 garbage-first heap   total 393216K, used 293519K [0x0000000680800000, 0x0000000800000000)
  region size 4096K, 48 young (196608K), 5 survivors (20480K)
 Metaspace       used 17020K, committed 17216K, reserved 1114112K
  class space    used 1242K, committed 1344K, reserved 1048576K
}
Event: 15.739 GC heap after
{Heap after GC invocations=12 (full 0):
 garbage-first heap   total 622592K, used 122530K [0x0000000680800000, 0x0000000800000000)
  region size 4096K, 5 young (20480K), 5 survivors (20480K)
 Metaspace       used 17020K, committed 17216K, reserved 1114112K
  class space    used 1242K, committed 1344K, reserved 1048576K
}
Event: 16.068 GC heap before
{Heap before GC invocations=12 (full 0):
 garbage-first heap   total 622592K, used 474786K [0x0000000680800000, 0x0000000800000000)
  region size 4096K, 91 young (372736K), 5 survivors (20480K)
 Metaspace       used 17020K, committed 17216K, reserved 1114112K
  class space    used 1242K, committed 1344K, reserved 1048576K
}
Event: 16.077 GC heap after
{Heap after GC invocations=13 (full 0):
 garbage-first heap   total 622592K, used 128998K [0x0000000680800000, 0x0000000800000000)
  region size 4096K, 6 young (24576K), 6 survivors (24576K)
 Metaspace       used 17020K, committed 17216K, reserved 1114112K
  class space    used 1242K, committed 1344K, reserved 1048576K
}
Event: 16.374 GC heap before
{Heap before GC invocations=13 (full 0):
 garbage-first heap   total 622592K, used 481254K [0x0000000680800000, 0x0000000800000000)
  region size 4096K, 91 young (372736K), 6 survivors (24576K)
 Metaspace       used 17020K, committed 17216K, reserved 1114112K
  class space    used 1242K, committed 1344K, reserved 1048576K
}
Event: 16.385 GC heap after
{Heap after GC invocations=14 (full 0):
 garbage-first heap   total 622592K, used 140834K [0x0000000680800000, 0x0000000800000000)
  region size 4096K, 8 young (32768K), 8 survivors (32768K)
 Metaspace       used 17020K, committed 17216K, reserved 1114112K
  class space    used 1242K, committed 1344K, reserved 1048576K
}
Event: 16.654 GC heap before
{Heap before GC invocations=14 (full 0):
 garbage-first heap   total 622592K, used 480802K [0x0000000680800000, 0x0000000800000000)
  region size 4096K, 91 young (372736K), 8 survivors (32768K)
 Metaspace       used 17020K, committed 17216K, reserved 1114112K
  class space    used 1242K, committed 1344K, reserved 1048576K
}

