# JRE version: OpenJDK Runtime Environment Temurin-17.0.7+7 (17.0.7+7) (build 17.0.7+7)
# Java VM: OpenJDK 64-Bit Server VM Temurin-17.0.7+7 (17.0.7+7, mixed mode, tiered, compressed oops, compressed class ptrs, g1 gc, windows-amd64)
GC Precious Log:
 CPUs: 8 total, 8 available
 Memory: 24540M
 Large Page Support: Disabled
 NUMA Support: Disabled
 Compressed Oops: Enabled (Zero based)
 Heap Region Size: 4M
 Heap Min Capacity: 8M
 Heap Initial Capacity: 384M
 Heap Max Capacity: 6136M
 Pre-touch: Disabled
 Parallel Workers: 8
 Concurrent Workers: 2
 Concurrent Refinement Workers: 8
 Periodic GC: Disabled
Heap:
 garbage-first heap   total 643072K, used 450599K [0x0000000680800000, 0x0000000800000000)
  region size 4096K, 96 young (393216K), 7 survivors (28672K)
 Metaspace       used 17747K, committed 17856K, reserved 1114112K
  class space    used 1269K, committed 1344K, reserved 1048576K
GC Heap History (20 events):
Event: 2.217 GC heap after
{Heap after GC invocations=2 (full 0):
 garbage-first heap   total 393216K, used 3644K [0x0000000680800000, 0x0000000800000000)
  region size 4096K, 1 young (4096K), 1 survivors (4096K)
 Metaspace       used 16923K, committed 17152K, reserved 1114112K
  class space    used 1242K, committed 1344K, reserved 1048576K
}
Event: 7.121 GC heap before
{Heap before GC invocations=2 (full 0):
 garbage-first heap   total 393216K, used 237116K [0x0000000680800000, 0x0000000800000000)
  region size 4096K, 57 young (233472K), 1 survivors (4096K)
 Metaspace       used 17721K, committed 17856K, reserved 1114112K
  class space    used 1269K, committed 1344K, reserved 1048576K
}
Event: 7.124 GC heap after
{Heap after GC invocations=3 (full 0):
 garbage-first heap   total 393216K, used 11944K [0x0000000680800000, 0x0000000800000000)
  region size 4096K, 2 young (8192K), 2 survivors (8192K)
 Metaspace       used 17721K, committed 17856K, reserved 1114112K
  class space    used 1269K, committed 1344K, reserved 1048576K
}
Event: 10.587 GC heap before
{Heap before GC invocations=3 (full 0):
 garbage-first heap   total 393216K, used 241320K [0x0000000680800000, 0x0000000800000000)
  region size 4096K, 57 young (233472K), 2 survivors (8192K)
 Metaspace       used 17726K, committed 17856K, reserved 1114112K
  class space    used 1269K, committed 1344K, reserved 1048576K
}
Event: 10.594 GC heap after
{Heap after GC invocations=4 (full 0):
 garbage-first heap   total 393216K, used 23713K [0x0000000680800000, 0x0000000800000000)
  region size 4096K, 4 young (16384K), 4 survivors (16384K)
 Metaspace       used 17726K, committed 17856K, reserved 1114112K
  class space    used 1269K, committed 1344K, reserved 1048576K
}
Event: 10.723 GC heap before
{Heap before GC invocations=4 (full 0):
 garbage-first heap   total 393216K, used 240801K [0x0000000680800000, 0x0000000800000000)
  region size 4096K, 57 young (233472K), 4 survivors (16384K)
 Metaspace       used 17726K, committed 17856K, reserved 1114112K
  class space    used 1269K, committed 1344K, reserved 1048576K
}
Event: 10.730 GC heap after
{Heap after GC invocations=5 (full 0):
 garbage-first heap   total 393216K, used 29203K [0x0000000680800000, 0x0000000800000000)
  region size 4096K, 5 young (20480K), 5 survivors (20480K)
 Metaspace       used 17726K, committed 17856K, reserved 1114112K
  class space    used 1269K, committed 1344K, reserved 1048576K
}
Event: 10.867 GC heap before
{Heap before GC invocations=5 (full 0):
 garbage-first heap   total 393216K, used 242195K [0x0000000680800000, 0x0000000800000000)
  region size 4096K, 57 young (233472K), 5 survivors (20480K)
 Metaspace       used 17726K, committed 17856K, reserved 1114112K
  class space    used 1269K, committed 1344K, reserved 1048576K
}
Event: 10.883 GC heap after
{Heap after GC invocations=6 (full 0):
 garbage-first heap   total 393216K, used 44470K [0x0000000680800000, 0x0000000800000000)
  region size 4096K, 8 young (32768K), 8 survivors (32768K)
 Metaspace       used 17726K, committed 17856K, reserved 1114112K
  class space    used 1269K, committed 1344K, reserved 1048576K
}
Event: 12.367 GC heap before
{Heap before GC invocations=6 (full 0):
 garbage-first heap   total 393216K, used 273846K [0x0000000680800000, 0x0000000800000000)
  region size 4096K, 57 young (233472K), 8 survivors (32768K)
 Metaspace       used 17740K, committed 17856K, reserved 1114112K
  class space    used 1269K, committed 1344K, reserved 1048576K
}
Event: 12.369 GC heap after
{Heap after GC invocations=7 (full 0):
 garbage-first heap   total 393216K, used 60430K [0x0000000680800000, 0x0000000800000000)
  region size 4096K, 2 young (8192K), 2 survivors (8192K)
 Metaspace       used 17740K, committed 17856K, reserved 1114112K
  class space    used 1269K, committed 1344K, reserved 1048576K
}
Event: 12.510 GC heap before
{Heap before GC invocations=7 (full 0):
 garbage-first heap   total 393216K, used 285710K [0x0000000680800000, 0x0000000800000000)
  region size 4096K, 57 young (233472K), 2 survivors (8192K)
 Metaspace       used 17740K, committed 17856K, reserved 1114112K
  class space    used 1269K, committed 1344K, reserved 1048576K
}
Event: 12.515 GC heap after
{Heap after GC invocations=8 (full 0):
 garbage-first heap   total 393216K, used 68629K [0x0000000680800000, 0x0000000800000000)
  region size 4096K, 4 young (16384K), 4 survivors (16384K)
 Metaspace       used 17740K, committed 17856K, reserved 1114112K
  class space    used 1269K, committed 1344K, reserved 1048576K
}
Event: 14.175 GC heap before
{Heap before GC invocations=8 (full 0):
 garbage-first heap   total 393216K, used 285717K [0x0000000680800000, 0x0000000800000000)
  region size 4096K, 57 young (233472K), 4 survivors (16384K)
 Metaspace       used 17747K, committed 17856K, reserved 1114112K
  class space    used 1269K, committed 1344K, reserved 1048576K
}
Event: 14.179 GC heap after
{Heap after GC invocations=9 (full 0):
 garbage-first heap   total 393216K, used 77209K [0x0000000680800000, 0x0000000800000000)
  region size 4096K, 5 young (20480K), 5 survivors (20480K)
 Metaspace       used 17747K, committed 17856K, reserved 1114112K
  class space    used 1269K, committed 1344K, reserved 1048576K
}
Event: 14.296 GC heap before
{Heap before GC invocations=9 (full 0):
 garbage-first heap   total 393216K, used 290201K [0x0000000680800000, 0x0000000800000000)
  region size 4096K, 57 young (233472K), 5 survivors (20480K)
 Metaspace       used 17747K, committed 17856K, reserved 1114112K
  class space    used 1269K, committed 1344K, reserved 1048576K
}
Event: 14.302 GC heap after
{Heap after GC invocations=10 (full 0):
 garbage-first heap   total 393216K, used 81649K [0x0000000680800000, 0x0000000800000000)
  region size 4096K, 5 young (20480K), 5 survivors (20480K)
 Metaspace       used 17747K, committed 17856K, reserved 1114112K
  class space    used 1269K, committed 1344K, reserved 1048576K
}
Event: 14.410 GC heap before
{Heap before GC invocations=10 (full 0):
 garbage-first heap   total 393216K, used 294641K [0x0000000680800000, 0x0000000800000000)
  region size 4096K, 57 young (233472K), 5 survivors (20480K)
 Metaspace       used 17747K, committed 17856K, reserved 1114112K
  class space    used 1269K, committed 1344K, reserved 1048576K
}
Event: 14.417 GC heap after
{Heap after GC invocations=11 (full 0):
 garbage-first heap   total 643072K, used 86055K [0x0000000680800000, 0x0000000800000000)
  region size 4096K, 5 young (20480K), 5 survivors (20480K)
 Metaspace       used 17747K, committed 17856K, reserved 1114112K
  class space    used 1269K, committed 1344K, reserved 1048576K
}
Event: 14.673 GC heap before
{Heap before GC invocations=11 (full 0):
 garbage-first heap   total 643072K, used 450599K [0x0000000680800000, 0x0000000800000000)
  region size 4096K, 94 young (385024K), 5 survivors (20480K)
 Metaspace       used 17747K, committed 17856K, reserved 1114112K
  class space    used 1269K, committed 1344K, reserved 1048576K
}

